# JRE version: Java(TM) SE Runtime Environment (8.0_144-b01) (build 1.8.0_144-b01)
# Java VM: Java HotSpot(TM) 64-Bit Server VM (25.144-b01 mixed mode linux-amd64 compressed oops)
Heap:
 PSYoungGen      total 27648K, used 10979K [0x00000000f5580000, 0x00000000f7400000, 0x0000000100000000)
  eden space 24064K, 30% used [0x00000000f5580000,0x00000000f5cba5e8,0x00000000f6d00000)
  from space 3584K, 99% used [0x00000000f7080000,0x00000000f73fe9f8,0x00000000f7400000)
  to   space 3584K, 0% used [0x00000000f6d00000,0x00000000f6d00000,0x00000000f7080000)
 ParOldGen       total 62976K, used 6413K [0x00000000e0000000, 0x00000000e3d80000, 0x00000000f5580000)
  object space 62976K, 10% used [0x00000000e0000000,0x00000000e06437a8,0x00000000e3d80000)
 Metaspace       used 17316K, capacity 17516K, committed 17664K, reserved 1062912K
  class space    used 3181K, capacity 3260K, committed 3328K, reserved 1048576K
GC Heap History (4 events):
Event: 1.644 GC heap before
{Heap before GC invocations=1 (full 0):
 PSYoungGen      total 27648K, used 24064K [0x00000000f5580000, 0x00000000f7400000, 0x0000000100000000)
  eden space 24064K, 100% used [0x00000000f5580000,0x00000000f6d00000,0x00000000f6d00000)
  from space 3584K, 0% used [0x00000000f7080000,0x00000000f7080000,0x00000000f7400000)
  to   space 3584K, 0% used [0x00000000f6d00000,0x00000000f6d00000,0x00000000f7080000)
 ParOldGen       total 62976K, used 0K [0x00000000e0000000, 0x00000000e3d80000, 0x00000000f5580000)
  object space 62976K, 0% used [0x00000000e0000000,0x00000000e0000000,0x00000000e3d80000)
 Metaspace       used 9518K, capacity 9638K, committed 9856K, reserved 1058816K
  class space    used 1331K, capacity 1403K, committed 1408K, reserved 1048576K
Event: 1.655 GC heap after
Heap after GC invocations=1 (full 0):
 PSYoungGen      total 27648K, used 3556K [0x00000000f5580000, 0x00000000f7400000, 0x0000000100000000)
  eden space 24064K, 0% used [0x00000000f5580000,0x00000000f5580000,0x00000000f6d00000)
  from space 3584K, 99% used [0x00000000f6d00000,0x00000000f7079158,0x00000000f7080000)
  to   space 3584K, 0% used [0x00000000f7080000,0x00000000f7080000,0x00000000f7400000)
 ParOldGen       total 62976K, used 1475K [0x00000000e0000000, 0x00000000e3d80000, 0x00000000f5580000)
  object space 62976K, 2% used [0x00000000e0000000,0x00000000e0170ec8,0x00000000e3d80000)
 Metaspace       used 9518K, capacity 9638K, committed 9856K, reserved 1058816K
  class space    used 1331K, capacity 1403K, committed 1408K, reserved 1048576K
}
Event: 3.232 GC heap before
{Heap before GC invocations=2 (full 0):
 PSYoungGen      total 27648K, used 27620K [0x00000000f5580000, 0x00000000f7400000, 0x0000000100000000)
  eden space 24064K, 100% used [0x00000000f5580000,0x00000000f6d00000,0x00000000f6d00000)
  from space 3584K, 99% used [0x00000000f6d00000,0x00000000f7079158,0x00000000f7080000)
  to   space 3584K, 0% used [0x00000000f7080000,0x00000000f7080000,0x00000000f7400000)
 ParOldGen       total 62976K, used 1475K [0x00000000e0000000, 0x00000000e3d80000, 0x00000000f5580000)
  object space 62976K, 2% used [0x00000000e0000000,0x00000000e0170ec8,0x00000000e3d80000)
 Metaspace       used 15866K, capacity 16012K, committed 16128K, reserved 1062912K
  class space    used 2943K, capacity 3036K, committed 3072K, reserved 1048576K
Event: 3.251 GC heap after
Heap after GC invocations=2 (full 0):
 PSYoungGen      total 27648K, used 3578K [0x00000000f5580000, 0x00000000f7400000, 0x0000000100000000)
  eden space 24064K, 0% used [0x00000000f5580000,0x00000000f5580000,0x00000000f6d00000)
  from space 3584K, 99% used [0x00000000f7080000,0x00000000f73fe9f8,0x00000000f7400000)
  to   space 3584K, 0% used [0x00000000f6d00000,0x00000000f6d00000,0x00000000f7080000)
 ParOldGen       total 62976K, used 6413K [0x00000000e0000000, 0x00000000e3d80000, 0x00000000f5580000)
  object space 62976K, 10% used [0x00000000e0000000,0x00000000e06437a8,0x00000000e3d80000)
 Metaspace       used 15866K, capacity 16012K, committed 16128K, reserved 1062912K
  class space    used 2943K, capacity 3036K, committed 3072K, reserved 1048576K
}

