# JRE version: Java(TM) SE Runtime Environment (8.0_144-b01) (build 1.8.0_144-b01)
# Java VM: Java HotSpot(TM) 64-Bit Server VM (25.144-b01 mixed mode linux-amd64 compressed oops)
Heap:
 PSYoungGen      total 27648K, used 12326K [0x00000000f5580000, 0x00000000f8b80000, 0x0000000100000000)
  eden space 24064K, 51% used [0x00000000f5580000,0x00000000f61899e8,0x00000000f6d00000)
  from space 3584K, 0% used [0x00000000f7080000,0x00000000f7080000,0x00000000f7400000)
  to   space 3584K, 0% used [0x00000000f6d00000,0x00000000f6d00000,0x00000000f7080000)
 ParOldGen       total 58880K, used 10995K [0x00000000e0000000, 0x00000000e3980000, 0x00000000f5580000)
  object space 58880K, 18% used [0x00000000e0000000,0x00000000e0abcd08,0x00000000e3980000)
 Metaspace       used 23609K, capacity 24024K, committed 24192K, reserved 1069056K
  class space    used 4006K, capacity 4148K, committed 4224K, reserved 1048576K
GC Heap History (10 events):
Event: 4.171 GC heap before
{Heap before GC invocations=1 (full 0):
 PSYoungGen      total 27648K, used 24064K [0x00000000f5580000, 0x00000000f7400000, 0x0000000100000000)
  eden space 24064K, 100% used [0x00000000f5580000,0x00000000f6d00000,0x00000000f6d00000)
  from space 3584K, 0% used [0x00000000f7080000,0x00000000f7080000,0x00000000f7400000)
  to   space 3584K, 0% used [0x00000000f6d00000,0x00000000f6d00000,0x00000000f7080000)
 ParOldGen       total 62976K, used 0K [0x00000000e0000000, 0x00000000e3d80000, 0x00000000f5580000)
  object space 62976K, 0% used [0x00000000e0000000,0x00000000e0000000,0x00000000e3d80000)
 Metaspace       used 9500K, capacity 9638K, committed 9856K, reserved 1058816K
  class space    used 1331K, capacity 1403K, committed 1408K, reserved 1048576K
Event: 4.179 GC heap after
Heap after GC invocations=1 (full 0):
 PSYoungGen      total 27648K, used 3566K [0x00000000f5580000, 0x00000000f7400000, 0x0000000100000000)
  eden space 24064K, 0% used [0x00000000f5580000,0x00000000f5580000,0x00000000f6d00000)
  from space 3584K, 99% used [0x00000000f6d00000,0x00000000f707ba78,0x00000000f7080000)
  to   space 3584K, 0% used [0x00000000f7080000,0x00000000f7080000,0x00000000f7400000)
 ParOldGen       total 62976K, used 1460K [0x00000000e0000000, 0x00000000e3d80000, 0x00000000f5580000)
  object space 62976K, 2% used [0x00000000e0000000,0x00000000e016d128,0x00000000e3d80000)
 Metaspace       used 9500K, capacity 9638K, committed 9856K, reserved 1058816K
  class space    used 1331K, capacity 1403K, committed 1408K, reserved 1048576K
}
Event: 6.422 GC heap before
{Heap before GC invocations=2 (full 0):
 PSYoungGen      total 27648K, used 27630K [0x00000000f5580000, 0x00000000f7400000, 0x0000000100000000)
  eden space 24064K, 100% used [0x00000000f5580000,0x00000000f6d00000,0x00000000f6d00000)
  from space 3584K, 99% used [0x00000000f6d00000,0x00000000f707ba78,0x00000000f7080000)
  to   space 3584K, 0% used [0x00000000f7080000,0x00000000f7080000,0x00000000f7400000)
 ParOldGen       total 62976K, used 1460K [0x00000000e0000000, 0x00000000e3d80000, 0x00000000f5580000)
  object space 62976K, 2% used [0x00000000e0000000,0x00000000e016d128,0x00000000e3d80000)
 Metaspace       used 15827K, capacity 16012K, committed 16128K, reserved 1062912K
  class space    used 2943K, capacity 3036K, committed 3072K, reserved 1048576K
Event: 6.441 GC heap after
Heap after GC invocations=2 (full 0):
 PSYoungGen      total 27648K, used 3566K [0x00000000f5580000, 0x00000000f7400000, 0x0000000100000000)
  eden space 24064K, 0% used [0x00000000f5580000,0x00000000f5580000,0x00000000f6d00000)
  from space 3584K, 99% used [0x00000000f7080000,0x00000000f73fba08,0x00000000f7400000)
  to   space 3584K, 0% used [0x00000000f6d00000,0x00000000f6d00000,0x00000000f7080000)
 ParOldGen       total 62976K, used 6451K [0x00000000e0000000, 0x00000000e3d80000, 0x00000000f5580000)
  object space 62976K, 10% used [0x00000000e0000000,0x00000000e064ce40,0x00000000e3d80000)
 Metaspace       used 15827K, capacity 16012K, committed 16128K, reserved 1062912K
  class space    used 2943K, capacity 3036K, committed 3072K, reserved 1048576K
}
Event: 10.315 GC heap before
{Heap before GC invocations=3 (full 0):
 PSYoungGen      total 27648K, used 27630K [0x00000000f5580000, 0x00000000f7400000, 0x0000000100000000)
  eden space 24064K, 100% used [0x00000000f5580000,0x00000000f6d00000,0x00000000f6d00000)
  from space 3584K, 99% used [0x00000000f7080000,0x00000000f73fba08,0x00000000f7400000)
  to   space 3584K, 0% used [0x00000000f6d00000,0x00000000f6d00000,0x00000000f7080000)
 ParOldGen       total 62976K, used 6451K [0x00000000e0000000, 0x00000000e3d80000, 0x00000000f5580000)
  object space 62976K, 10% used [0x00000000e0000000,0x00000000e064ce40,0x00000000e3d80000)
 Metaspace       used 20328K, capacity 20514K, committed 20736K, reserved 1067008K
  class space    used 3642K, capacity 3725K, committed 3840K, reserved 1048576K
Event: 10.360 GC heap after
Heap after GC invocations=3 (full 0):
 PSYoungGen      total 27648K, used 3566K [0x00000000f5580000, 0x00000000f7400000, 0x0000000100000000)
  eden space 24064K, 0% used [0x00000000f5580000,0x00000000f5580000,0x00000000f6d00000)
  from space 3584K, 99% used [0x00000000f6d00000,0x00000000f707ba08,0x00000000f7080000)
  to   space 3584K, 0% used [0x00000000f7080000,0x00000000f7080000,0x00000000f7400000)
 ParOldGen       total 62976K, used 13194K [0x00000000e0000000, 0x00000000e3d80000, 0x00000000f5580000)
  object space 62976K, 20% used [0x00000000e0000000,0x00000000e0ce2a68,0x00000000e3d80000)
 Metaspace       used 20328K, capacity 20514K, committed 20736K, reserved 1067008K
  class space    used 3642K, capacity 3725K, committed 3840K, reserved 1048576K
}
Event: 10.735 GC heap before
{Heap before GC invocations=4 (full 0):
 PSYoungGen      total 27648K, used 6091K [0x00000000f5580000, 0x00000000f7400000, 0x0000000100000000)
  eden space 24064K, 10% used [0x00000000f5580000,0x00000000f57f7260,0x00000000f6d00000)
  from space 3584K, 99% used [0x00000000f6d00000,0x00000000f707ba08,0x00000000f7080000)
  to   space 3584K, 0% used [0x00000000f7080000,0x00000000f7080000,0x00000000f7400000)
 ParOldGen       total 62976K, used 13194K [0x00000000e0000000, 0x00000000e3d80000, 0x00000000f5580000)
  object space 62976K, 20% used [0x00000000e0000000,0x00000000e0ce2a68,0x00000000e3d80000)
 Metaspace       used 20912K, capacity 21132K, committed 21248K, reserved 1067008K
  class space    used 3694K, capacity 3789K, committed 3840K, reserved 1048576K
Event: 10.761 GC heap after
Heap after GC invocations=4 (full 0):
 PSYoungGen      total 27648K, used 3582K [0x00000000f5580000, 0x00000000f8b80000, 0x0000000100000000)
  eden space 24064K, 0% used [0x00000000f5580000,0x00000000f5580000,0x00000000f6d00000)
  from space 3584K, 99% used [0x00000000f7080000,0x00000000f73ffa18,0x00000000f7400000)
  to   space 3584K, 0% used [0x00000000f6d00000,0x00000000f6d00000,0x00000000f7080000)
 ParOldGen       total 62976K, used 13637K [0x00000000e0000000, 0x00000000e3d80000, 0x00000000f5580000)
  object space 62976K, 21% used [0x00000000e0000000,0x00000000e0d517b0,0x00000000e3d80000)
 Metaspace       used 20912K, capacity 21132K, committed 21248K, reserved 1067008K
  class space    used 3694K, capacity 3789K, committed 3840K, reserved 1048576K
}
Event: 10.761 GC heap before
{Heap before GC invocations=5 (full 1):
 PSYoungGen      total 27648K, used 3582K [0x00000000f5580000, 0x00000000f8b80000, 0x0000000100000000)
  eden space 24064K, 0% used [0x00000000f5580000,0x00000000f5580000,0x00000000f6d00000)
  from space 3584K, 99% used [0x00000000f7080000,0x00000000f73ffa18,0x00000000f7400000)
  to   space 3584K, 0% used [0x00000000f6d00000,0x00000000f6d00000,0x00000000f7080000)
 ParOldGen       total 62976K, used 13637K [0x00000000e0000000, 0x00000000e3d80000, 0x00000000f5580000)
  object space 62976K, 21% used [0x00000000e0000000,0x00000000e0d517b0,0x00000000e3d80000)
 Metaspace       used 20912K, capacity 21132K, committed 21248K, reserved 1067008K
  class space    used 3694K, capacity 3789K, committed 3840K, reserved 1048576K
Event: 11.105 GC heap after
Heap after GC invocations=5 (full 1):
 PSYoungGen      total 27648K, used 0K [0x00000000f5580000, 0x00000000f8b80000, 0x0000000100000000)
  eden space 24064K, 0% used [0x00000000f5580000,0x00000000f5580000,0x00000000f6d00000)
  from space 3584K, 0% used [0x00000000f7080000,0x00000000f7080000,0x00000000f7400000)
  to   space 3584K, 0% used [0x00000000f6d00000,0x00000000f6d00000,0x00000000f7080000)
 ParOldGen       total 58880K, used 10995K [0x00000000e0000000, 0x00000000e3980000, 0x00000000f5580000)
  object space 58880K, 18% used [0x00000000e0000000,0x00000000e0abcd08,0x00000000e3980000)
 Metaspace       used 20912K, capacity 21132K, committed 21248K, reserved 1067008K
  class space    used 3694K, capacity 3789K, committed 3840K, reserved 1048576K
}

