# JRE version: OpenJDK Runtime Environment (8.0_131-b11) (build 1.8.0_131-8u131-b11-2ubuntu1.16.04.3-b11)
# Java VM: OpenJDK 64-Bit Server VM (25.131-b11 mixed mode linux-amd64 compressed oops)
Heap:
 PSYoungGen      total 27648K, used 18696K [0x00000000f5580000, 0x00000000f8b80000, 0x0000000100000000)
  eden space 24064K, 62% used [0x00000000f5580000,0x00000000f64473b0,0x00000000f6d00000)
  from space 3584K, 99% used [0x00000000f6d00000,0x00000000f707af38,0x00000000f7080000)
  to   space 3584K, 2% used [0x00000000f8800000,0x00000000f88169d8,0x00000000f8b80000)
 ParOldGen       total 62976K, used 9767K [0x00000000e0000000, 0x00000000e3d80000, 0x00000000f5580000)
  object space 62976K, 15% used [0x00000000e0000000,0x00000000e0989ef0,0x00000000e3d80000)
 Metaspace       used 20916K, capacity 21124K, committed 21248K, reserved 1067008K
  class space    used 3631K, capacity 3753K, committed 3840K, reserved 1048576K
GC Heap History (7 events):
Event: 0.723 GC heap before
{Heap before GC invocations=1 (full 0):
 PSYoungGen      total 27648K, used 24064K [0x00000000f5580000, 0x00000000f7400000, 0x0000000100000000)
  eden space 24064K, 100% used [0x00000000f5580000,0x00000000f6d00000,0x00000000f6d00000)
  from space 3584K, 0% used [0x00000000f7080000,0x00000000f7080000,0x00000000f7400000)
  to   space 3584K, 0% used [0x00000000f6d00000,0x00000000f6d00000,0x00000000f7080000)
 ParOldGen       total 62976K, used 0K [0x00000000e0000000, 0x00000000e3d80000, 0x00000000f5580000)
  object space 62976K, 0% used [0x00000000e0000000,0x00000000e0000000,0x00000000e3d80000)
 Metaspace       used 8986K, capacity 9184K, committed 9472K, reserved 1056768K
  class space    used 1141K, capacity 1210K, committed 1280K, reserved 1048576K
Event: 0.728 GC heap after
Heap after GC invocations=1 (full 0):
 PSYoungGen      total 27648K, used 3564K [0x00000000f5580000, 0x00000000f7400000, 0x0000000100000000)
  eden space 24064K, 0% used [0x00000000f5580000,0x00000000f5580000,0x00000000f6d00000)
  from space 3584K, 99% used [0x00000000f6d00000,0x00000000f707b050,0x00000000f7080000)
  to   space 3584K, 0% used [0x00000000f7080000,0x00000000f7080000,0x00000000f7400000)
 ParOldGen       total 62976K, used 875K [0x00000000e0000000, 0x00000000e3d80000, 0x00000000f5580000)
  object space 62976K, 1% used [0x00000000e0000000,0x00000000e00daeb0,0x00000000e3d80000)
 Metaspace       used 8986K, capacity 9184K, committed 9472K, reserved 1056768K
  class space    used 1141K, capacity 1210K, committed 1280K, reserved 1048576K
}
Event: 0.987 GC heap before
{Heap before GC invocations=2 (full 0):
 PSYoungGen      total 27648K, used 27628K [0x00000000f5580000, 0x00000000f7400000, 0x0000000100000000)
  eden space 24064K, 100% used [0x00000000f5580000,0x00000000f6d00000,0x00000000f6d00000)
  from space 3584K, 99% used [0x00000000f6d00000,0x00000000f707b050,0x00000000f7080000)
  to   space 3584K, 0% used [0x00000000f7080000,0x00000000f7080000,0x00000000f7400000)
 ParOldGen       total 62976K, used 875K [0x00000000e0000000, 0x00000000e3d80000, 0x00000000f5580000)
  object space 62976K, 1% used [0x00000000e0000000,0x00000000e00daeb0,0x00000000e3d80000)
 Metaspace       used 13706K, capacity 13868K, committed 14080K, reserved 1060864K
  class space    used 2484K, capacity 2556K, committed 2560K, reserved 1048576K
Event: 0.994 GC heap after
Heap after GC invocations=2 (full 0):
 PSYoungGen      total 27648K, used 3578K [0x00000000f5580000, 0x00000000f8b80000, 0x0000000100000000)
  eden space 24064K, 0% used [0x00000000f5580000,0x00000000f5580000,0x00000000f6d00000)
  from space 3584K, 99% used [0x00000000f7080000,0x00000000f73fe9d8,0x00000000f7400000)
  to   space 3584K, 0% used [0x00000000f6d00000,0x00000000f6d00000,0x00000000f7080000)
 ParOldGen       total 62976K, used 4500K [0x00000000e0000000, 0x00000000e3d80000, 0x00000000f5580000)
  object space 62976K, 7% used [0x00000000e0000000,0x00000000e0465088,0x00000000e3d80000)
 Metaspace       used 13706K, capacity 13868K, committed 14080K, reserved 1060864K
  class space    used 2484K, capacity 2556K, committed 2560K, reserved 1048576K
}
Event: 1.332 GC heap before
{Heap before GC invocations=3 (full 0):
 PSYoungGen      total 27648K, used 27642K [0x00000000f5580000, 0x00000000f8b80000, 0x0000000100000000)
  eden space 24064K, 100% used [0x00000000f5580000,0x00000000f6d00000,0x00000000f6d00000)
  from space 3584K, 99% used [0x00000000f7080000,0x00000000f73fe9d8,0x00000000f7400000)
  to   space 3584K, 0% used [0x00000000f6d00000,0x00000000f6d00000,0x00000000f7080000)
 ParOldGen       total 62976K, used 4500K [0x00000000e0000000, 0x00000000e3d80000, 0x00000000f5580000)
  object space 62976K, 7% used [0x00000000e0000000,0x00000000e0465088,0x00000000e3d80000)
 Metaspace       used 18280K, capacity 18418K, committed 18560K, reserved 1064960K
  class space    used 3324K, capacity 3389K, committed 3456K, reserved 1048576K
Event: 1.342 GC heap after
Heap after GC invocations=3 (full 0):
 PSYoungGen      total 27648K, used 3563K [0x00000000f5580000, 0x00000000f8b80000, 0x0000000100000000)
  eden space 24064K, 0% used [0x00000000f5580000,0x00000000f5580000,0x00000000f6d00000)
  from space 3584K, 99% used [0x00000000f6d00000,0x00000000f707af38,0x00000000f7080000)
  to   space 3584K, 0% used [0x00000000f8800000,0x00000000f8800000,0x00000000f8b80000)
 ParOldGen       total 62976K, used 9767K [0x00000000e0000000, 0x00000000e3d80000, 0x00000000f5580000)
  object space 62976K, 15% used [0x00000000e0000000,0x00000000e0989ef0,0x00000000e3d80000)
 Metaspace       used 18280K, capacity 18418K, committed 18560K, reserved 1064960K
  class space    used 3324K, capacity 3389K, committed 3456K, reserved 1048576K
}
Event: 1.822 GC heap before
{Heap before GC invocations=4 (full 0):
 PSYoungGen      total 27648K, used 18696K [0x00000000f5580000, 0x00000000f8b80000, 0x0000000100000000)
  eden space 24064K, 62% used [0x00000000f5580000,0x00000000f64473b0,0x00000000f6d00000)
  from space 3584K, 99% used [0x00000000f6d00000,0x00000000f707af38,0x00000000f7080000)
  to   space 3584K, 0% used [0x00000000f8800000,0x00000000f8800000,0x00000000f8b80000)
 ParOldGen       total 62976K, used 9767K [0x00000000e0000000, 0x00000000e3d80000, 0x00000000f5580000)
  object space 62976K, 15% used [0x00000000e0000000,0x00000000e0989ef0,0x00000000e3d80000)
 Metaspace       used 20916K, capacity 21124K, committed 21248K, reserved 1067008K
  class space    used 3631K, capacity 3753K, committed 3840K, reserved 1048576K

